
 [2016-10-25 15:58:57] -  ( 57 ) FileFragments => Subscriber started ...
 [2016-10-25 16:01:58] -  ( 57 ) FileFragments => Subscriber started ...
 [2016-10-25 16:03:04] -  ( 57 ) FileFragments => Subscriber started ...
 [2016-10-25 16:03:04] -  ( 57 ) TEST-005 => Opening file Dragons Gifts of Night Fury.mkv in directory D:\DDS-SUB
 [2016-10-25 16:03:04] -  ( 57 ) TEST-005 => File receiving endts at - >   [ 1477382594555 ] ms 
 [2016-10-25 16:32:02] -  ( 57 ) FileFragments => Subscriber started ...
 [2016-10-25 16:32:02] -  ( 57 ) TEST-005 => Opening file Dragons Gifts of Night Fury.mkv in directory D:\DDS-SUB
 [2016-10-25 16:32:02] -  ( 57 ) TEST-005 => File receiving endts at - >   [ 1477384351379 ] ms 
 [2016-10-25 16:36:08] -  ( 57 ) FileFragments => Subscriber started ...
 [2016-10-25 16:36:08] -  ( 57 ) TEST-005 => Opening file Dragons Gifts of Night Fury.mkv in directory D:\DDS-SUB
 [2016-10-25 16:36:08] -  ( 57 ) TEST-005 => File receiving endts at - >   [ 1477384570702 ] ms 
 [2016-10-25 16:36:08] -  ( 57 ) TEST-005 => Opening file Architecting the Internet of Things - D. uckelmann,. et al., (Springer, 2011) WW.pdf in directory D:\DDS-SUB
 [2016-10-25 16:36:08] -  ( 57 ) TEST-005 => File receiving endts at - >   [ 1477384570946 ] ms 
 [2016-10-25 16:36:08] -  ( 57 ) TEST-005 => Opening file DDS_Advanced_Tutorial_2006_00-T1-2_Pardo.pdf in directory D:\DDS-SUB
 [2016-10-25 16:36:08] -  ( 57 ) TEST-005 => File receiving endts at - >   [ 1477384570985 ] ms 
 [2016-10-25 16:36:08] -  ( 57 ) TEST-005 => Opening file Industry 4.0 The Industrial Internet of Things (C4dR).pdf in directory D:\DDS-SUB
 [2016-10-25 16:36:08] -  ( 57 ) TEST-005 => File receiving endts at - >   [ 1477384571082 ] ms 
 [2016-10-25 16:36:08] -  ( 57 ) TEST-005 => Opening file Big Hero 6 (2014).avi in directory D:\DDS-SUB
 [2016-10-25 16:36:08] -  ( 57 ) TEST-005 => Opening file Big Hero 6 (2014).avi in directory D:\DDS-SUB
 [2016-10-25 16:36:08] -  ( 57 ) TEST-005 => Opening file Big Hero 6 (2014).avi in directory D:\DDS-SUB
 [2016-10-25 16:36:08] -  ( 57 ) TEST-005 => Opening file Big Hero 6 (2014).avi in directory D:\DDS-SUB
 [2016-10-25 16:36:08] -  ( 57 ) TEST-005 => File receiving endts at - >   [ 1477384756890 ] ms 
 [2016-10-25 16:53:34] -  ( 57 ) FileFragments => Subscriber started ...
 [2016-10-25 16:53:34] -  ( 57 ) TEST-005 => Opening file Dragons Gifts of Night Fury.mkv in directory D:\DDS-SUB
 [2016-10-25 16:53:34] -  ( 57 ) TEST-005 => File receiving endts at - >   [ 1477385662527 ] ms 
 [2016-10-25 16:53:34] -  ( 57 ) TEST-005 => Opening file Architecting the Internet of Things - D. uckelmann,. et al., (Springer, 2011) WW.pdf in directory D:\DDS-SUB
 [2016-10-25 16:53:34] -  ( 57 ) TEST-005 => File receiving endts at - >   [ 1477385663899 ] ms 
 [2016-10-25 16:53:34] -  ( 57 ) TEST-005 => Opening file DDS_Advanced_Tutorial_2006_00-T1-2_Pardo.pdf in directory D:\DDS-SUB
 [2016-10-25 16:53:34] -  ( 57 ) TEST-005 => File receiving endts at - >   [ 1477385663968 ] ms 
 [2016-10-25 16:53:34] -  ( 57 ) TEST-005 => Opening file Big Hero 6 (2014).avi in directory D:\DDS-SUB
 [2016-10-25 16:53:34] -  ( 57 ) TEST-005 => File receiving endts at - >   [ 1477385857423 ] ms 
 [2016-10-25 16:53:34] -  ( 57 ) TEST-005 => Opening file Industry 4.0 The Industrial Internet of Things (C4dR).pdf in directory D:\DDS-SUB
 [2016-10-25 16:53:34] -  ( 57 ) TEST-005 => File receiving endts at - >   [ 1477385858020 ] ms 
 [2016-10-25 17:14:37] -  ( 57 ) FileFragments => Subscriber started ...
 [2016-10-25 19:31:47] -  ( 57 ) FileFragments => Subscriber started ...
 [2016-10-25 19:31:47] -  ( 57 ) TEST-005 => Opening file test1.pdf in directory D:\DDS-SUB
 [2016-10-25 19:31:47] -  ( 57 ) TEST-005 => File receiving endts at - >   [ 1477395122394 ] ms 
 [2016-10-25 19:37:06] -  ( 57 ) FileFragments => Subscriber started ...
 [2016-10-25 19:37:06] -  ( 57 ) TEST-005 => Opening file test2.pdf in directory D:\DDS-SUB
 [2016-10-25 19:37:06] -  ( 57 ) TEST-005 => Opening file test1.pdf in directory D:\DDS-SUB
 [2016-10-25 19:37:06] -  ( 57 ) TEST-005 => File receiving endts at - >   [ 1477396075324 ] ms 
 [2016-10-25 19:37:06] -  ( 57 ) TEST-005 => Opening file test2.pdf in directory D:\DDS-SUB
 [2016-10-25 19:37:06] -  ( 57 ) TEST-005 => File receiving endts at - >   [ 1477396077263 ] ms 
 [2016-10-25 19:37:06] -  ( 57 ) TEST-005 => Opening file test1.pdf in directory D:\DDS-SUB
 [2016-10-25 19:37:06] -  ( 57 ) TEST-005 => File receiving endts at - >   [ 1477397207112 ] ms 
 [2016-10-25 19:37:06] -  ( 57 ) TEST-005 => Opening file test2.pdf in directory D:\DDS-SUB
 [2016-10-25 19:37:06] -  ( 57 ) TEST-005 => File receiving endts at - >   [ 1477397208837 ] ms 
 [2016-10-25 19:37:06] -  ( 57 ) TEST-005 => Opening file test3.pdf in directory D:\DDS-SUB
 [2016-10-25 19:37:06] -  ( 57 ) TEST-005 => File receiving endts at - >   [ 1477397210690 ] ms 
 [2016-10-25 19:37:06] -  ( 57 ) TEST-005 => Opening file test4.pdf in directory D:\DDS-SUB
 [2016-10-25 19:37:06] -  ( 57 ) TEST-005 => Opening file Dragons Gifts of Night Fury.mkv in directory D:\DDS-SUB
 [2016-10-25 19:37:06] -  ( 57 ) TEST-005 => Opening file Dragons Gifts of Night Fury.mkv in directory D:\DDS-SUB
 [2016-10-25 19:37:06] -  ( 57 ) TEST-005 => File receiving endts at - >   [ 1477397287367 ] ms 